<?xml version="1.0" encoding="UTF-8"?>
<!-- Generated by org.testng.reporters.JUnitReportReporter -->
<testsuite hostname="DESKTOP-AL24EF2" failures="0" tests="2" name="TestNGpac.TestNGNTest" time="9.496" errors="0" timestamp="2022-01-23T21:58:27 IST" skipped="0">
  <testcase classname="TestNGpac.TestNGNTest" name="launch" time="9.481"/>
  <system-out/>
  <testcase classname="TestNGpac.TestNGNTest" name="validatetitle" time="0.015"/>
  <system-out/>
</testsuite> <!-- TestNGpac.TestNGNTest -->
